[01/Apr/2024 11:59:24] "GET /admin HTTP/1.1" 301 0
[01/Apr/2024 11:59:24] "GET /admin/ HTTP/1.1" 302 0
[01/Apr/2024 11:59:24] "GET /admin/login/?next=/admin/ HTTP/1.1" 200 2206
[01/Apr/2024 11:59:24] "GET /static/admin/css/nav_sidebar.css HTTP/1.1" 200 2138
[01/Apr/2024 11:59:24] "GET /static/admin/css/base.css HTTP/1.1" 200 16307
[01/Apr/2024 11:59:24] "GET /static/admin/js/nav_sidebar.js HTTP/1.1" 200 1360
[01/Apr/2024 11:59:24] "GET /static/admin/css/login.css HTTP/1.1" 200 1185
[01/Apr/2024 11:59:24] "GET /static/admin/css/responsive.css HTTP/1.1" 200 18344
[01/Apr/2024 11:59:24] "GET /static/admin/css/fonts.css HTTP/1.1" 200 423
[01/Apr/2024 11:59:24] "GET /static/admin/fonts/Roboto-Light-webfont.woff HTTP/1.1" 200 85692
[01/Apr/2024 11:59:24] "GET /static/admin/fonts/Roboto-Regular-webfont.woff HTTP/1.1" 200 85876
[01/Apr/2024 11:59:26] "POST /admin/login/?next=/admin/ HTTP/1.1" 302 0
[01/Apr/2024 11:59:26] "GET /admin/ HTTP/1.1" 200 7319
[01/Apr/2024 11:59:26] "GET /static/admin/css/dashboard.css HTTP/1.1" 200 380
[01/Apr/2024 11:59:26] "GET /static/admin/img/icon-addlink.svg HTTP/1.1" 200 331
[01/Apr/2024 11:59:26] "GET /static/admin/img/icon-changelink.svg HTTP/1.1" 200 380
[01/Apr/2024 11:59:26] "GET /static/admin/fonts/Roboto-Bold-webfont.woff HTTP/1.1" 200 86184
[01/Apr/2024 11:59:28] "GET /admin/videoJnd/consentform/add/ HTTP/1.1" 200 13284
[01/Apr/2024 11:59:28] "GET /static/admin/js/jquery.init.js HTTP/1.1" 200 347
[01/Apr/2024 11:59:28] "GET /static/admin/js/core.js HTTP/1.1" 200 5418
[01/Apr/2024 11:59:28] "GET /static/ckeditor/ckeditor-init.js HTTP/1.1" 200 1498
[01/Apr/2024 11:59:28] "GET /static/admin/css/forms.css HTTP/1.1" 200 8423
[01/Apr/2024 11:59:28] "GET /admin/jsi18n/ HTTP/1.1" 200 3195
[01/Apr/2024 11:59:28] "GET /static/admin/js/vendor/jquery/jquery.min.js HTTP/1.1" 200 89476
[01/Apr/2024 11:59:28] "GET /static/admin/js/admin/RelatedObjectLookups.js HTTP/1.1" 200 6078
[01/Apr/2024 11:59:28] "GET /static/admin/js/urlify.js HTTP/1.1" 200 8632
[01/Apr/2024 11:59:28] "GET /static/admin/js/actions.js HTTP/1.1" 200 6783
[01/Apr/2024 11:59:28] "GET /static/ckeditor/ckeditor/ckeditor.js HTTP/1.1" 200 722348
[01/Apr/2024 11:59:28] "GET /static/admin/js/prepopulate.js HTTP/1.1" 200 1531
[01/Apr/2024 11:59:28] "GET /static/admin/js/change_form.js HTTP/1.1" 200 606
[01/Apr/2024 11:59:28] "GET /static/admin/js/vendor/xregexp/xregexp.min.js HTTP/1.1" 200 125266
[01/Apr/2024 11:59:28] "GET /static/admin/js/prepopulate_init.js HTTP/1.1" 200 492
[01/Apr/2024 11:59:28] "GET /static/admin/css/widgets.css HTTP/1.1" 200 10592
[01/Apr/2024 11:59:28] "GET /static/ckeditor/ckeditor/config.js?t=K5H9 HTTP/1.1" 200 338
[01/Apr/2024 11:59:28] "GET /static/ckeditor/ckeditor/skins/moono-lisa/editor_gecko.css?t=K5H9 HTTP/1.1" 200 47886
[01/Apr/2024 11:59:28] "GET /static/ckeditor/ckeditor/lang/en.js?t=K5H9 HTTP/1.1" 200 18888
[01/Apr/2024 11:59:28] "GET /static/ckeditor/ckeditor/styles.js?t=K5H9 HTTP/1.1" 200 5579
[01/Apr/2024 11:59:28] "GET /static/ckeditor/ckeditor/plugins/autolink/plugin.js?t=K5H9 HTTP/1.1" 200 584
[01/Apr/2024 11:59:28] "GET /static/ckeditor/ckeditor/plugins/embedsemantic/plugin.js?t=K5H9 HTTP/1.1" 200 1460
[01/Apr/2024 11:59:28] "GET /static/ckeditor/ckeditor/plugins/autogrow/plugin.js?t=K5H9 HTTP/1.1" 200 1912
[01/Apr/2024 11:59:28] "GET /static/ckeditor/ckeditor/plugins/autoembed/plugin.js?t=K5H9 HTTP/1.1" 200 2334
[01/Apr/2024 11:59:28] "GET /static/ckeditor/ckeditor/plugins/embedbase/plugin.js?t=K5H9 HTTP/1.1" 200 3405
[01/Apr/2024 11:59:28] "GET /static/ckeditor/ckeditor/plugins/scayt/skins/moono-lisa/scayt.css?t=K5H9 HTTP/1.1" 200 381
[01/Apr/2024 11:59:28] "GET /static/ckeditor/ckeditor/plugins/scayt/dialogs/dialog.css?t=K5H9 HTTP/1.1" 200 419
[01/Apr/2024 11:59:28] "GET /static/ckeditor/ckeditor/plugins/wsc/skins/moono-lisa/wsc.css?t=K5H9 HTTP/1.1" 200 1306
[01/Apr/2024 11:59:28] "GET /static/ckeditor/ckeditor/plugins/tableselection/styles/tableselection.css HTTP/1.1" 200 1145
[01/Apr/2024 11:59:28] "GET /static/ckeditor/ckeditor/plugins/autoembed/lang/en.js?t=K5H9 HTTP/1.1" 200 164
[01/Apr/2024 11:59:28] "GET /static/ckeditor/ckeditor/plugins/embedbase/lang/en.js?t=K5H9 HTTP/1.1" 200 470
[01/Apr/2024 11:59:29] "GET /static/ckeditor/ckeditor/plugins/copyformatting/styles/copyformatting.css HTTP/1.1" 200 1513
[01/Apr/2024 11:59:29] "GET /static/ckeditor/ckeditor/plugins/dialog/styles/dialog.css HTTP/1.1" 200 249
[01/Apr/2024 11:59:29] "GET /static/ckeditor/ckeditor/skins/moono-lisa/icons_hidpi.png?t=eb2d11644 HTTP/1.1" 200 40286
[01/Apr/2024 11:59:29] "GET /static/ckeditor/ckeditor/contents.css?t=K5H9 HTTP/1.1" 200 3094
[01/Apr/2024 11:59:31] "POST /admin/videoJnd/consentform/add/ HTTP/1.1" 302 0
[01/Apr/2024 11:59:31] "GET /admin/videoJnd/consentform/ HTTP/1.1" 200 7626
[01/Apr/2024 11:59:31] "GET /static/admin/css/changelists.css HTTP/1.1" 200 6302
[01/Apr/2024 11:59:31] "GET /static/admin/img/icon-yes.svg HTTP/1.1" 200 436
[01/Apr/2024 11:59:33] "GET /admin/videoJnd/instruction/add/ HTTP/1.1" 200 16681
[01/Apr/2024 11:59:33] "GET /admin/jsi18n/ HTTP/1.1" 200 3195
[01/Apr/2024 11:59:35] "POST /admin/videoJnd/instruction/add/ HTTP/1.1" 302 0
[01/Apr/2024 11:59:35] "GET /admin/videoJnd/instruction/ HTTP/1.1" 200 7545
[01/Apr/2024 11:59:39] "GET /admin/videoJnd/interfacetext/add/ HTTP/1.1" 200 78030
[01/Apr/2024 11:59:39] "GET /admin/jsi18n/ HTTP/1.1" 200 3195
[01/Apr/2024 11:59:45] "POST /admin/videoJnd/interfacetext/add/ HTTP/1.1" 302 0
[01/Apr/2024 11:59:45] "GET /admin/videoJnd/interfacetext/ HTTP/1.1" 200 7494
[01/Apr/2024 11:59:55] "GET /admin/videoJnd/experiment/ HTTP/1.1" 200 7713
[01/Apr/2024 11:59:55] "GET /admin/jsi18n/ HTTP/1.1" 200 3195
[01/Apr/2024 11:59:55] "GET /static/admin/img/tooltag-add.svg HTTP/1.1" 200 331
[01/Apr/2024 11:59:56] "GET /admin/videoJnd/experiment/add/ HTTP/1.1" 200 29222
[01/Apr/2024 11:59:56] "GET /admin/jsi18n/ HTTP/1.1" 200 3195
[01/Apr/2024 11:59:59] "POST /admin/videoJnd/experiment/add/ HTTP/1.1" 302 0
[01/Apr/2024 11:59:59] "GET /admin/videoJnd/experiment/ HTTP/1.1" 200 10848
[01/Apr/2024 11:59:59] "GET /admin/jsi18n/ HTTP/1.1" 200 3195
[01/Apr/2024 12:00:04] "POST /admin/videoJnd/experiment/ HTTP/1.1" 302 0
[01/Apr/2024 12:00:04] "GET /admin/videoJnd/experiment/ HTTP/1.1" 200 10753
[01/Apr/2024 12:00:04] "GET /admin/jsi18n/ HTTP/1.1" 200 3195
[01/Apr/2024 12:00:15] "GET /quahit/ HTTP/1.1" 200 17134
[01/Apr/2024 12:00:15] "GET /static/css/style.css HTTP/1.1" 200 2698
[01/Apr/2024 12:00:15] "GET /static/js/quahit_bundle.js HTTP/1.1" 200 414231
[01/Apr/2024 12:00:15] "POST /scheduler HTTP/1.1" 200 528
[01/Apr/2024 12:00:15] "POST /scheduler HTTP/1.1" 200 22211
[01/Apr/2024 12:00:32] "POST /scheduler HTTP/1.1" 200 4
[01/Apr/2024 12:00:54] "POST /scheduler HTTP/1.1" 200 4
[01/Apr/2024 12:01:39] "POST /scheduler HTTP/1.1" 200 4
[01/Apr/2024 12:02:02] "POST /scheduler HTTP/1.1" 200 4
[01/Apr/2024 12:02:23] "POST /scheduler HTTP/1.1" 200 100
[01/Apr/2024 12:02:25] "GET /studyhit/ HTTP/1.1" 200 16358
[01/Apr/2024 12:02:25] "GET /static/css/style.css HTTP/1.1" 304 0
[01/Apr/2024 12:02:25] "GET /static/js/studyhit_bundle.js HTTP/1.1" 200 411923
[01/Apr/2024 12:02:25] "POST /scheduler HTTP/1.1" 200 528
[01/Apr/2024 12:02:25] "POST /scheduler HTTP/1.1" 200 9141
[01/Apr/2024 12:02:25] "POST /scheduler HTTP/1.1" 200 130
[01/Apr/2024 12:02:27] "POST /scheduler HTTP/1.1" 200 3212
[01/Apr/2024 12:02:27] "POST /scheduler HTTP/1.1" 200 360
[01/Apr/2024 12:02:36] "POST /scheduler HTTP/1.1" 200 360
[01/Apr/2024 12:02:37] "POST /scheduler HTTP/1.1" 200 4
[01/Apr/2024 12:02:50] "POST /scheduler HTTP/1.1" 200 4
[01/Apr/2024 12:03:05] "POST /scheduler HTTP/1.1" 200 124
[01/Apr/2024 12:03:27] "POST /scheduler HTTP/1.1" 500 145
[01/Apr/2024 12:03:34] "GET /studyhit/ HTTP/1.1" 200 16358
[01/Apr/2024 12:03:34] "GET /static/js/studyhit_bundle.js HTTP/1.1" 304 0
[01/Apr/2024 12:03:34] "GET /static/css/style.css HTTP/1.1" 304 0
[01/Apr/2024 12:03:34] "POST /scheduler HTTP/1.1" 200 528
[01/Apr/2024 12:03:39] "GET /quahit/ HTTP/1.1" 200 17134
[01/Apr/2024 12:03:39] "GET /static/js/quahit_bundle.js HTTP/1.1" 304 0
[01/Apr/2024 12:03:39] "POST /scheduler HTTP/1.1" 200 528
